{"C:\\Users\\Account\\Desktop\\Day13\\webAPI\\app.js": {"path":"C:\\Users\\Account\\Desktop\\Day13\\webAPI\\app.js","statementMap":{"0":{"start":{"line":2,"column":21},"end":{"line":2,"column":52}},"1":{"start":{"line":3,"column":21},"end":{"line":3,"column":52}},"2":{"start":{"line":4,"column":23},"end":{"line":4,"column":51}},"3":{"start":{"line":5,"column":15},"end":{"line":5,"column":45}},"4":{"start":{"line":8,"column":16},"end":{"line":8,"column":34}},"5":{"start":{"line":11,"column":12},"end":{"line":11,"column":21}},"6":{"start":{"line":12,"column":0},"end":{"line":12,"column":23}},"7":{"start":{"line":13,"column":0},"end":{"line":13,"column":33}},"8":{"start":{"line":15,"column":0},"end":{"line":18,"column":2}},"9":{"start":{"line":16,"column":4},"end":{"line":16,"column":20}},"10":{"start":{"line":17,"column":4},"end":{"line":17,"column":27}},"11":{"start":{"line":20,"column":0},"end":{"line":20,"column":43}},"12":{"start":{"line":21,"column":0},"end":{"line":21,"column":31}},"13":{"start":{"line":22,"column":0},"end":{"line":24,"column":2}},"14":{"start":{"line":23,"column":4},"end":{"line":23,"column":22}},"15":{"start":{"line":27,"column":0},"end":{"line":27,"column":24}}},"fnMap":{"0":{"name":"(anonymous_0)","decl":{"start":{"line":15,"column":13},"end":{"line":15,"column":14}},"loc":{"start":{"line":15,"column":27},"end":{"line":18,"column":1}},"line":15},"1":{"name":"(anonymous_1)","decl":{"start":{"line":22,"column":44},"end":{"line":22,"column":45}},"loc":{"start":{"line":22,"column":64},"end":{"line":24,"column":1}},"line":22}},"branchMap":{},"s":{"0":1,"1":1,"2":1,"3":1,"4":1,"5":1,"6":1,"7":1,"8":1,"9":1,"10":1,"11":1,"12":1,"13":1,"14":0,"15":1},"f":{"0":1,"1":0},"b":{},"_coverageSchema":"1a1c01bbd47fc00a2c39e90264f33305004495a9","hash":"237aeee157e9f91f083ea72f50def810c63315bf"}
,"C:\\Users\\Account\\Desktop\\Day13\\webAPI\\controllers\\book-controller.js": {"path":"C:\\Users\\Account\\Desktop\\Day13\\webAPI\\controllers\\book-controller.js","statementMap":{"0":{"start":{"line":5,"column":16},"end":{"line":5,"column":44}},"1":{"start":{"line":8,"column":19},"end":{"line":12,"column":1}},"2":{"start":{"line":9,"column":4},"end":{"line":11,"column":20}},"3":{"start":{"line":10,"column":23},"end":{"line":10,"column":38}},"4":{"start":{"line":14,"column":19},"end":{"line":18,"column":1}},"5":{"start":{"line":15,"column":4},"end":{"line":17,"column":20}},"6":{"start":{"line":16,"column":24},"end":{"line":16,"column":50}},"7":{"start":{"line":20,"column":22},"end":{"line":24,"column":1}},"8":{"start":{"line":21,"column":4},"end":{"line":23,"column":20}},"9":{"start":{"line":22,"column":23},"end":{"line":22,"column":38}},"10":{"start":{"line":30,"column":22},"end":{"line":42,"column":1}},"11":{"start":{"line":31,"column":4},"end":{"line":41,"column":20}},"12":{"start":{"line":35,"column":12},"end":{"line":37,"column":13}},"13":{"start":{"line":36,"column":16},"end":{"line":36,"column":65}},"14":{"start":{"line":39,"column":12},"end":{"line":39,"column":26}},"15":{"start":{"line":45,"column":21},"end":{"line":63,"column":1}},"16":{"start":{"line":47,"column":8},"end":{"line":62,"column":20}},"17":{"start":{"line":49,"column":12},"end":{"line":49,"column":80}},"18":{"start":{"line":49,"column":23},"end":{"line":49,"column":80}},"19":{"start":{"line":50,"column":12},"end":{"line":55,"column":14}},"20":{"start":{"line":51,"column":16},"end":{"line":53,"column":17}},"21":{"start":{"line":52,"column":20},"end":{"line":52,"column":42}},"22":{"start":{"line":54,"column":16},"end":{"line":54,"column":24}},"23":{"start":{"line":56,"column":12},"end":{"line":60,"column":28}},"24":{"start":{"line":58,"column":20},"end":{"line":58,"column":67}},"25":{"start":{"line":65,"column":25},"end":{"line":70,"column":1}},"26":{"start":{"line":67,"column":4},"end":{"line":69,"column":20}},"27":{"start":{"line":68,"column":25},"end":{"line":68,"column":40}},"28":{"start":{"line":73,"column":0},"end":{"line":81,"column":1}}},"fnMap":{"0":{"name":"(anonymous_0)","decl":{"start":{"line":8,"column":19},"end":{"line":8,"column":20}},"loc":{"start":{"line":8,"column":39},"end":{"line":12,"column":1}},"line":8},"1":{"name":"(anonymous_1)","decl":{"start":{"line":10,"column":14},"end":{"line":10,"column":15}},"loc":{"start":{"line":10,"column":23},"end":{"line":10,"column":38}},"line":10},"2":{"name":"(anonymous_2)","decl":{"start":{"line":14,"column":19},"end":{"line":14,"column":20}},"loc":{"start":{"line":14,"column":39},"end":{"line":18,"column":1}},"line":14},"3":{"name":"(anonymous_3)","decl":{"start":{"line":16,"column":14},"end":{"line":16,"column":15}},"loc":{"start":{"line":16,"column":24},"end":{"line":16,"column":50}},"line":16},"4":{"name":"(anonymous_4)","decl":{"start":{"line":20,"column":22},"end":{"line":20,"column":23}},"loc":{"start":{"line":20,"column":42},"end":{"line":24,"column":1}},"line":20},"5":{"name":"(anonymous_5)","decl":{"start":{"line":22,"column":14},"end":{"line":22,"column":15}},"loc":{"start":{"line":22,"column":23},"end":{"line":22,"column":38}},"line":22},"6":{"name":"(anonymous_6)","decl":{"start":{"line":30,"column":22},"end":{"line":30,"column":23}},"loc":{"start":{"line":30,"column":42},"end":{"line":42,"column":1}},"line":30},"7":{"name":"(anonymous_7)","decl":{"start":{"line":32,"column":14},"end":{"line":32,"column":15}},"loc":{"start":{"line":32,"column":24},"end":{"line":40,"column":9}},"line":32},"8":{"name":"(anonymous_8)","decl":{"start":{"line":45,"column":21},"end":{"line":45,"column":22}},"loc":{"start":{"line":45,"column":41},"end":{"line":63,"column":1}},"line":45},"9":{"name":"(anonymous_9)","decl":{"start":{"line":48,"column":14},"end":{"line":48,"column":15}},"loc":{"start":{"line":48,"column":22},"end":{"line":61,"column":9}},"line":48},"10":{"name":"(anonymous_10)","decl":{"start":{"line":50,"column":44},"end":{"line":50,"column":45}},"loc":{"start":{"line":50,"column":51},"end":{"line":55,"column":13}},"line":50},"11":{"name":"(anonymous_11)","decl":{"start":{"line":57,"column":22},"end":{"line":57,"column":23}},"loc":{"start":{"line":57,"column":30},"end":{"line":59,"column":17}},"line":57},"12":{"name":"(anonymous_12)","decl":{"start":{"line":65,"column":25},"end":{"line":65,"column":26}},"loc":{"start":{"line":65,"column":45},"end":{"line":70,"column":1}},"line":65},"13":{"name":"(anonymous_13)","decl":{"start":{"line":68,"column":14},"end":{"line":68,"column":15}},"loc":{"start":{"line":68,"column":25},"end":{"line":68,"column":40}},"line":68}},"branchMap":{"0":{"loc":{"start":{"line":35,"column":12},"end":{"line":37,"column":13}},"type":"if","locations":[{"start":{"line":35,"column":12},"end":{"line":37,"column":13}},{"start":{},"end":{}}],"line":35},"1":{"loc":{"start":{"line":49,"column":12},"end":{"line":49,"column":80}},"type":"if","locations":[{"start":{"line":49,"column":12},"end":{"line":49,"column":80}},{"start":{},"end":{}}],"line":49},"2":{"loc":{"start":{"line":51,"column":16},"end":{"line":53,"column":17}},"type":"if","locations":[{"start":{"line":51,"column":16},"end":{"line":53,"column":17}},{"start":{},"end":{}}],"line":51}},"s":{"0":1,"1":1,"2":0,"3":0,"4":1,"5":0,"6":0,"7":1,"8":0,"9":0,"10":1,"11":0,"12":0,"13":0,"14":0,"15":1,"16":0,"17":0,"18":0,"19":0,"20":0,"21":0,"22":0,"23":0,"24":0,"25":1,"26":0,"27":0,"28":1},"f":{"0":0,"1":0,"2":0,"3":0,"4":0,"5":0,"6":0,"7":0,"8":0,"9":0,"10":0,"11":0,"12":0,"13":0},"b":{"0":[0,0],"1":[0,0],"2":[0,0]},"_coverageSchema":"1a1c01bbd47fc00a2c39e90264f33305004495a9","hash":"07fc4dffc0cb7baaeb086b415e903f3f33068202"}
,"C:\\Users\\Account\\Desktop\\Day13\\webAPI\\controllers\\review-controller.js": {"path":"C:\\Users\\Account\\Desktop\\Day13\\webAPI\\controllers\\review-controller.js","statementMap":{"0":{"start":{"line":2,"column":16},"end":{"line":2,"column":44}},"1":{"start":{"line":8,"column":21},"end":{"line":23,"column":1}},"2":{"start":{"line":10,"column":4},"end":{"line":22,"column":20}},"3":{"start":{"line":12,"column":12},"end":{"line":12,"column":80}},"4":{"start":{"line":12,"column":23},"end":{"line":12,"column":80}},"5":{"start":{"line":13,"column":27},"end":{"line":15,"column":13}},"6":{"start":{"line":16,"column":12},"end":{"line":16,"column":37}},"7":{"start":{"line":17,"column":12},"end":{"line":19,"column":28}},"8":{"start":{"line":18,"column":32},"end":{"line":18,"column":91}},"9":{"start":{"line":25,"column":21},"end":{"line":32,"column":1}},"10":{"start":{"line":26,"column":4},"end":{"line":31,"column":20}},"11":{"start":{"line":28,"column":12},"end":{"line":28,"column":80}},"12":{"start":{"line":28,"column":23},"end":{"line":28,"column":80}},"13":{"start":{"line":29,"column":12},"end":{"line":29,"column":34}},"14":{"start":{"line":34,"column":24},"end":{"line":45,"column":1}},"15":{"start":{"line":36,"column":4},"end":{"line":44,"column":20}},"16":{"start":{"line":38,"column":12},"end":{"line":38,"column":80}},"17":{"start":{"line":38,"column":23},"end":{"line":38,"column":80}},"18":{"start":{"line":39,"column":12},"end":{"line":39,"column":29}},"19":{"start":{"line":40,"column":12},"end":{"line":42,"column":28}},"20":{"start":{"line":41,"column":32},"end":{"line":41,"column":53}},"21":{"start":{"line":53,"column":22},"end":{"line":71,"column":1}},"22":{"start":{"line":55,"column":4},"end":{"line":70,"column":20}},"23":{"start":{"line":57,"column":12},"end":{"line":57,"column":80}},"24":{"start":{"line":57,"column":23},"end":{"line":57,"column":80}},"25":{"start":{"line":58,"column":12},"end":{"line":63,"column":14}},"26":{"start":{"line":59,"column":16},"end":{"line":61,"column":17}},"27":{"start":{"line":60,"column":20},"end":{"line":60,"column":42}},"28":{"start":{"line":62,"column":16},"end":{"line":62,"column":24}},"29":{"start":{"line":64,"column":12},"end":{"line":68,"column":28}},"30":{"start":{"line":66,"column":20},"end":{"line":66,"column":67}},"31":{"start":{"line":73,"column":25},"end":{"line":93,"column":1}},"32":{"start":{"line":75,"column":4},"end":{"line":92,"column":20}},"33":{"start":{"line":77,"column":12},"end":{"line":77,"column":80}},"34":{"start":{"line":77,"column":23},"end":{"line":77,"column":80}},"35":{"start":{"line":78,"column":12},"end":{"line":85,"column":14}},"36":{"start":{"line":79,"column":16},"end":{"line":83,"column":17}},"37":{"start":{"line":80,"column":20},"end":{"line":82,"column":21}},"38":{"start":{"line":81,"column":24},"end":{"line":81,"column":46}},"39":{"start":{"line":84,"column":16},"end":{"line":84,"column":24}},"40":{"start":{"line":86,"column":12},"end":{"line":90,"column":28}},"41":{"start":{"line":88,"column":20},"end":{"line":88,"column":67}},"42":{"start":{"line":95,"column":25},"end":{"line":108,"column":1}},"43":{"start":{"line":97,"column":4},"end":{"line":107,"column":20}},"44":{"start":{"line":99,"column":12},"end":{"line":99,"column":80}},"45":{"start":{"line":99,"column":23},"end":{"line":99,"column":80}},"46":{"start":{"line":100,"column":12},"end":{"line":102,"column":14}},"47":{"start":{"line":101,"column":18},"end":{"line":101,"column":82}},"48":{"start":{"line":103,"column":12},"end":{"line":105,"column":28}},"49":{"start":{"line":104,"column":30},"end":{"line":104,"column":51}},"50":{"start":{"line":112,"column":0},"end":{"line":120,"column":1}}},"fnMap":{"0":{"name":"(anonymous_0)","decl":{"start":{"line":8,"column":21},"end":{"line":8,"column":22}},"loc":{"start":{"line":8,"column":41},"end":{"line":23,"column":1}},"line":8},"1":{"name":"(anonymous_1)","decl":{"start":{"line":11,"column":15},"end":{"line":11,"column":16}},"loc":{"start":{"line":11,"column":23},"end":{"line":20,"column":9}},"line":11},"2":{"name":"(anonymous_2)","decl":{"start":{"line":18,"column":22},"end":{"line":18,"column":23}},"loc":{"start":{"line":18,"column":32},"end":{"line":18,"column":91}},"line":18},"3":{"name":"(anonymous_3)","decl":{"start":{"line":25,"column":21},"end":{"line":25,"column":22}},"loc":{"start":{"line":25,"column":41},"end":{"line":32,"column":1}},"line":25},"4":{"name":"(anonymous_4)","decl":{"start":{"line":27,"column":14},"end":{"line":27,"column":15}},"loc":{"start":{"line":27,"column":24},"end":{"line":30,"column":9}},"line":27},"5":{"name":"(anonymous_5)","decl":{"start":{"line":34,"column":24},"end":{"line":34,"column":25}},"loc":{"start":{"line":34,"column":44},"end":{"line":45,"column":1}},"line":34},"6":{"name":"(anonymous_6)","decl":{"start":{"line":37,"column":14},"end":{"line":37,"column":15}},"loc":{"start":{"line":37,"column":24},"end":{"line":43,"column":9}},"line":37},"7":{"name":"(anonymous_7)","decl":{"start":{"line":41,"column":22},"end":{"line":41,"column":23}},"loc":{"start":{"line":41,"column":32},"end":{"line":41,"column":53}},"line":41},"8":{"name":"(anonymous_8)","decl":{"start":{"line":53,"column":22},"end":{"line":53,"column":23}},"loc":{"start":{"line":53,"column":42},"end":{"line":71,"column":1}},"line":53},"9":{"name":"(anonymous_9)","decl":{"start":{"line":56,"column":14},"end":{"line":56,"column":15}},"loc":{"start":{"line":56,"column":22},"end":{"line":69,"column":9}},"line":56},"10":{"name":"(anonymous_10)","decl":{"start":{"line":58,"column":44},"end":{"line":58,"column":45}},"loc":{"start":{"line":58,"column":51},"end":{"line":63,"column":13}},"line":58},"11":{"name":"(anonymous_11)","decl":{"start":{"line":65,"column":22},"end":{"line":65,"column":23}},"loc":{"start":{"line":65,"column":30},"end":{"line":67,"column":17}},"line":65},"12":{"name":"(anonymous_12)","decl":{"start":{"line":73,"column":25},"end":{"line":73,"column":26}},"loc":{"start":{"line":73,"column":45},"end":{"line":93,"column":1}},"line":73},"13":{"name":"(anonymous_13)","decl":{"start":{"line":76,"column":14},"end":{"line":76,"column":15}},"loc":{"start":{"line":76,"column":22},"end":{"line":91,"column":9}},"line":76},"14":{"name":"(anonymous_14)","decl":{"start":{"line":78,"column":44},"end":{"line":78,"column":45}},"loc":{"start":{"line":78,"column":51},"end":{"line":85,"column":13}},"line":78},"15":{"name":"(anonymous_15)","decl":{"start":{"line":87,"column":22},"end":{"line":87,"column":23}},"loc":{"start":{"line":87,"column":30},"end":{"line":89,"column":17}},"line":87},"16":{"name":"(anonymous_16)","decl":{"start":{"line":95,"column":25},"end":{"line":95,"column":26}},"loc":{"start":{"line":95,"column":45},"end":{"line":108,"column":1}},"line":95},"17":{"name":"(anonymous_17)","decl":{"start":{"line":98,"column":14},"end":{"line":98,"column":15}},"loc":{"start":{"line":98,"column":22},"end":{"line":106,"column":9}},"line":98},"18":{"name":"(anonymous_18)","decl":{"start":{"line":100,"column":47},"end":{"line":100,"column":48}},"loc":{"start":{"line":100,"column":54},"end":{"line":102,"column":13}},"line":100},"19":{"name":"(anonymous_19)","decl":{"start":{"line":104,"column":22},"end":{"line":104,"column":23}},"loc":{"start":{"line":104,"column":30},"end":{"line":104,"column":51}},"line":104}},"branchMap":{"0":{"loc":{"start":{"line":12,"column":12},"end":{"line":12,"column":80}},"type":"if","locations":[{"start":{"line":12,"column":12},"end":{"line":12,"column":80}},{"start":{},"end":{}}],"line":12},"1":{"loc":{"start":{"line":28,"column":12},"end":{"line":28,"column":80}},"type":"if","locations":[{"start":{"line":28,"column":12},"end":{"line":28,"column":80}},{"start":{},"end":{}}],"line":28},"2":{"loc":{"start":{"line":38,"column":12},"end":{"line":38,"column":80}},"type":"if","locations":[{"start":{"line":38,"column":12},"end":{"line":38,"column":80}},{"start":{},"end":{}}],"line":38},"3":{"loc":{"start":{"line":57,"column":12},"end":{"line":57,"column":80}},"type":"if","locations":[{"start":{"line":57,"column":12},"end":{"line":57,"column":80}},{"start":{},"end":{}}],"line":57},"4":{"loc":{"start":{"line":59,"column":16},"end":{"line":61,"column":17}},"type":"if","locations":[{"start":{"line":59,"column":16},"end":{"line":61,"column":17}},{"start":{},"end":{}}],"line":59},"5":{"loc":{"start":{"line":77,"column":12},"end":{"line":77,"column":80}},"type":"if","locations":[{"start":{"line":77,"column":12},"end":{"line":77,"column":80}},{"start":{},"end":{}}],"line":77},"6":{"loc":{"start":{"line":79,"column":16},"end":{"line":83,"column":17}},"type":"if","locations":[{"start":{"line":79,"column":16},"end":{"line":83,"column":17}},{"start":{},"end":{}}],"line":79},"7":{"loc":{"start":{"line":80,"column":20},"end":{"line":82,"column":21}},"type":"if","locations":[{"start":{"line":80,"column":20},"end":{"line":82,"column":21}},{"start":{},"end":{}}],"line":80},"8":{"loc":{"start":{"line":99,"column":12},"end":{"line":99,"column":80}},"type":"if","locations":[{"start":{"line":99,"column":12},"end":{"line":99,"column":80}},{"start":{},"end":{}}],"line":99},"9":{"loc":{"start":{"line":101,"column":26},"end":{"line":101,"column":81}},"type":"binary-expr","locations":[{"start":{"line":101,"column":26},"end":{"line":101,"column":55}},{"start":{"line":101,"column":59},"end":{"line":101,"column":81}}],"line":101}},"s":{"0":1,"1":1,"2":0,"3":0,"4":0,"5":0,"6":0,"7":0,"8":0,"9":1,"10":0,"11":0,"12":0,"13":0,"14":1,"15":0,"16":0,"17":0,"18":0,"19":0,"20":0,"21":1,"22":0,"23":0,"24":0,"25":0,"26":0,"27":0,"28":0,"29":0,"30":0,"31":1,"32":0,"33":0,"34":0,"35":0,"36":0,"37":0,"38":0,"39":0,"40":0,"41":0,"42":1,"43":0,"44":0,"45":0,"46":0,"47":0,"48":0,"49":0,"50":1},"f":{"0":0,"1":0,"2":0,"3":0,"4":0,"5":0,"6":0,"7":0,"8":0,"9":0,"10":0,"11":0,"12":0,"13":0,"14":0,"15":0,"16":0,"17":0,"18":0,"19":0},"b":{"0":[0,0],"1":[0,0],"2":[0,0],"3":[0,0],"4":[0,0],"5":[0,0],"6":[0,0],"7":[0,0],"8":[0,0],"9":[0,0]},"_coverageSchema":"1a1c01bbd47fc00a2c39e90264f33305004495a9","hash":"ac9db1a978f24310ed3d2ed36135a19c713c16a0"}
,"C:\\Users\\Account\\Desktop\\Day13\\webAPI\\middleware\\auth.js": {"path":"C:\\Users\\Account\\Desktop\\Day13\\webAPI\\middleware\\auth.js","statementMap":{"0":{"start":{"line":1,"column":12},"end":{"line":1,"column":35}},"1":{"start":{"line":3,"column":19},"end":{"line":14,"column":1}},"2":{"start":{"line":4,"column":16},"end":{"line":4,"column":41}},"3":{"start":{"line":5,"column":4},"end":{"line":5,"column":80}},"4":{"start":{"line":5,"column":16},"end":{"line":5,"column":80}},"5":{"start":{"line":6,"column":4},"end":{"line":6,"column":31}},"6":{"start":{"line":8,"column":4},"end":{"line":12,"column":6}},"7":{"start":{"line":9,"column":8},"end":{"line":9,"column":68}},"8":{"start":{"line":9,"column":17},"end":{"line":9,"column":68}},"9":{"start":{"line":10,"column":8},"end":{"line":10,"column":26}},"10":{"start":{"line":11,"column":8},"end":{"line":11,"column":29}},"11":{"start":{"line":13,"column":4},"end":{"line":13,"column":10}},"12":{"start":{"line":16,"column":20},"end":{"line":23,"column":1}},"13":{"start":{"line":17,"column":4},"end":{"line":22,"column":5}},"14":{"start":{"line":18,"column":8},"end":{"line":18,"column":65}},"15":{"start":{"line":19,"column":10},"end":{"line":22,"column":5}},"16":{"start":{"line":21,"column":8},"end":{"line":21,"column":14}},"17":{"start":{"line":25,"column":0},"end":{"line":25,"column":44}}},"fnMap":{"0":{"name":"(anonymous_0)","decl":{"start":{"line":3,"column":19},"end":{"line":3,"column":20}},"loc":{"start":{"line":3,"column":39},"end":{"line":14,"column":1}},"line":3},"1":{"name":"(anonymous_1)","decl":{"start":{"line":8,"column":42},"end":{"line":8,"column":43}},"loc":{"start":{"line":8,"column":60},"end":{"line":12,"column":5}},"line":8},"2":{"name":"(anonymous_2)","decl":{"start":{"line":16,"column":20},"end":{"line":16,"column":21}},"loc":{"start":{"line":16,"column":39},"end":{"line":23,"column":1}},"line":16}},"branchMap":{"0":{"loc":{"start":{"line":5,"column":4},"end":{"line":5,"column":80}},"type":"if","locations":[{"start":{"line":5,"column":4},"end":{"line":5,"column":80}},{"start":{},"end":{}}],"line":5},"1":{"loc":{"start":{"line":9,"column":8},"end":{"line":9,"column":68}},"type":"if","locations":[{"start":{"line":9,"column":8},"end":{"line":9,"column":68}},{"start":{},"end":{}}],"line":9},"2":{"loc":{"start":{"line":17,"column":4},"end":{"line":22,"column":5}},"type":"if","locations":[{"start":{"line":17,"column":4},"end":{"line":22,"column":5}},{"start":{"line":19,"column":10},"end":{"line":22,"column":5}}],"line":17},"3":{"loc":{"start":{"line":19,"column":10},"end":{"line":22,"column":5}},"type":"if","locations":[{"start":{"line":19,"column":10},"end":{"line":22,"column":5}},{"start":{},"end":{}}],"line":19}},"s":{"0":1,"1":1,"2":0,"3":0,"4":0,"5":0,"6":0,"7":0,"8":0,"9":0,"10":0,"11":0,"12":1,"13":0,"14":0,"15":0,"16":0,"17":1},"f":{"0":0,"1":0,"2":0},"b":{"0":[0,0],"1":[0,0],"2":[0,0],"3":[0,0]},"_coverageSchema":"1a1c01bbd47fc00a2c39e90264f33305004495a9","hash":"c10e0ff8a98054f876369d65a45e01bf4c164cd7"}
,"C:\\Users\\Account\\Desktop\\Day13\\webAPI\\middleware\\upload.js": {"path":"C:\\Users\\Account\\Desktop\\Day13\\webAPI\\middleware\\upload.js","statementMap":{"0":{"start":{"line":1,"column":15},"end":{"line":1,"column":32}},"1":{"start":{"line":2,"column":13},"end":{"line":2,"column":28}},"2":{"start":{"line":3,"column":14},"end":{"line":3,"column":32}},"3":{"start":{"line":5,"column":15},"end":{"line":14,"column":2}},"4":{"start":{"line":7,"column":8},"end":{"line":7,"column":34}},"5":{"start":{"line":10,"column":20},"end":{"line":10,"column":65}},"6":{"start":{"line":12,"column":8},"end":{"line":12,"column":52}},"7":{"start":{"line":16,"column":18},"end":{"line":22,"column":1}},"8":{"start":{"line":17,"column":16},"end":{"line":17,"column":61}},"9":{"start":{"line":18,"column":4},"end":{"line":20,"column":5}},"10":{"start":{"line":19,"column":8},"end":{"line":19,"column":69}},"11":{"start":{"line":21,"column":4},"end":{"line":21,"column":18}},"12":{"start":{"line":24,"column":15},"end":{"line":28,"column":2}},"13":{"start":{"line":30,"column":0},"end":{"line":30,"column":23}}},"fnMap":{"0":{"name":"(anonymous_0)","decl":{"start":{"line":6,"column":17},"end":{"line":6,"column":18}},"loc":{"start":{"line":6,"column":35},"end":{"line":8,"column":5}},"line":6},"1":{"name":"(anonymous_1)","decl":{"start":{"line":9,"column":14},"end":{"line":9,"column":15}},"loc":{"start":{"line":9,"column":33},"end":{"line":13,"column":5}},"line":9},"2":{"name":"(anonymous_2)","decl":{"start":{"line":16,"column":18},"end":{"line":16,"column":19}},"loc":{"start":{"line":16,"column":35},"end":{"line":22,"column":1}},"line":16}},"branchMap":{"0":{"loc":{"start":{"line":18,"column":4},"end":{"line":20,"column":5}},"type":"if","locations":[{"start":{"line":18,"column":4},"end":{"line":20,"column":5}},{"start":{},"end":{}}],"line":18}},"s":{"0":1,"1":1,"2":1,"3":1,"4":0,"5":0,"6":0,"7":1,"8":0,"9":0,"10":0,"11":0,"12":1,"13":1},"f":{"0":0,"1":0,"2":0},"b":{"0":[0,0]},"_coverageSchema":"1a1c01bbd47fc00a2c39e90264f33305004495a9","hash":"09bc951e5b5cf06f87b7fe5cdc81bdcba548e6a7"}
,"C:\\Users\\Account\\Desktop\\Day13\\webAPI\\models\\NewBook.js": {"path":"C:\\Users\\Account\\Desktop\\Day13\\webAPI\\models\\NewBook.js","statementMap":{"0":{"start":{"line":1,"column":17},"end":{"line":1,"column":36}},"1":{"start":{"line":4,"column":21},"end":{"line":15,"column":2}},"2":{"start":{"line":17,"column":0},"end":{"line":23,"column":2}},"3":{"start":{"line":19,"column":8},"end":{"line":19,"column":51}},"4":{"start":{"line":20,"column":8},"end":{"line":20,"column":33}},"5":{"start":{"line":21,"column":8},"end":{"line":21,"column":33}},"6":{"start":{"line":27,"column":19},"end":{"line":49,"column":24}},"7":{"start":{"line":53,"column":0},"end":{"line":59,"column":2}},"8":{"start":{"line":55,"column":8},"end":{"line":55,"column":50}},"9":{"start":{"line":56,"column":8},"end":{"line":56,"column":33}},"10":{"start":{"line":62,"column":0},"end":{"line":62,"column":54}}},"fnMap":{"0":{"name":"(anonymous_0)","decl":{"start":{"line":18,"column":16},"end":{"line":18,"column":17}},"loc":{"start":{"line":18,"column":46},"end":{"line":22,"column":5}},"line":18},"1":{"name":"(anonymous_1)","decl":{"start":{"line":54,"column":15},"end":{"line":54,"column":16}},"loc":{"start":{"line":54,"column":44},"end":{"line":58,"column":5}},"line":54}},"branchMap":{},"s":{"0":1,"1":1,"2":1,"3":0,"4":0,"5":0,"6":1,"7":1,"8":0,"9":0,"10":1},"f":{"0":0,"1":0},"b":{},"_coverageSchema":"1a1c01bbd47fc00a2c39e90264f33305004495a9","hash":"ffbc3f3359330f076bd5eac7e81bda8fda7b6ca1"}
,"C:\\Users\\Account\\Desktop\\Day13\\webAPI\\models\\User.js": {"path":"C:\\Users\\Account\\Desktop\\Day13\\webAPI\\models\\User.js","statementMap":{"0":{"start":{"line":1,"column":17},"end":{"line":1,"column":36}},"1":{"start":{"line":3,"column":19},"end":{"line":28,"column":2}},"2":{"start":{"line":32,"column":0},"end":{"line":39,"column":2}},"3":{"start":{"line":34,"column":8},"end":{"line":34,"column":53}},"4":{"start":{"line":35,"column":8},"end":{"line":35,"column":35}},"5":{"start":{"line":36,"column":8},"end":{"line":36,"column":40}},"6":{"start":{"line":37,"column":8},"end":{"line":37,"column":35}},"7":{"start":{"line":42,"column":0},"end":{"line":42,"column":55}}},"fnMap":{"0":{"name":"(anonymous_0)","decl":{"start":{"line":33,"column":15},"end":{"line":33,"column":16}},"loc":{"start":{"line":33,"column":47},"end":{"line":38,"column":5}},"line":33}},"branchMap":{},"s":{"0":1,"1":1,"2":1,"3":0,"4":0,"5":0,"6":0,"7":1},"f":{"0":0},"b":{},"_coverageSchema":"1a1c01bbd47fc00a2c39e90264f33305004495a9","hash":"d32c980b1bde9ebf0c0c703b01108daed010bc3f"}
,"C:\\Users\\Account\\Desktop\\Day13\\webAPI\\routes\\book-routes.js": {"path":"C:\\Users\\Account\\Desktop\\Day13\\webAPI\\routes\\book-routes.js","statementMap":{"0":{"start":{"line":1,"column":16},"end":{"line":1,"column":34}},"1":{"start":{"line":2,"column":15},"end":{"line":2,"column":31}},"2":{"start":{"line":5,"column":16},"end":{"line":5,"column":44}},"3":{"start":{"line":7,"column":23},"end":{"line":7,"column":64}},"4":{"start":{"line":8,"column":25},"end":{"line":8,"column":68}},"5":{"start":{"line":10,"column":22},"end":{"line":10,"column":51}},"6":{"start":{"line":12,"column":0},"end":{"line":25,"column":54}},"7":{"start":{"line":22,"column":8},"end":{"line":22,"column":69}},"8":{"start":{"line":32,"column":0},"end":{"line":43,"column":44}},"9":{"start":{"line":38,"column":8},"end":{"line":38,"column":70}},"10":{"start":{"line":50,"column":0},"end":{"line":60,"column":45}},"11":{"start":{"line":57,"column":8},"end":{"line":57,"column":69}},"12":{"start":{"line":69,"column":0},"end":{"line":79,"column":46}},"13":{"start":{"line":74,"column":8},"end":{"line":74,"column":70}},"14":{"start":{"line":82,"column":0},"end":{"line":82,"column":23}}},"fnMap":{"0":{"name":"(anonymous_0)","decl":{"start":{"line":21,"column":9},"end":{"line":21,"column":10}},"loc":{"start":{"line":21,"column":29},"end":{"line":23,"column":5}},"line":21},"1":{"name":"(anonymous_1)","decl":{"start":{"line":37,"column":10},"end":{"line":37,"column":11}},"loc":{"start":{"line":37,"column":24},"end":{"line":39,"column":5}},"line":37},"2":{"name":"(anonymous_2)","decl":{"start":{"line":56,"column":9},"end":{"line":56,"column":10}},"loc":{"start":{"line":56,"column":29},"end":{"line":58,"column":5}},"line":56},"3":{"name":"(anonymous_3)","decl":{"start":{"line":73,"column":10},"end":{"line":73,"column":11}},"loc":{"start":{"line":73,"column":30},"end":{"line":75,"column":5}},"line":73}},"branchMap":{},"s":{"0":1,"1":1,"2":1,"3":1,"4":1,"5":1,"6":1,"7":0,"8":1,"9":0,"10":1,"11":0,"12":1,"13":0,"14":1},"f":{"0":0,"1":0,"2":0,"3":0},"b":{},"_coverageSchema":"1a1c01bbd47fc00a2c39e90264f33305004495a9","hash":"9810087bbfa67a279e9509944769f14c4fcbf157"}
,"C:\\Users\\Account\\Desktop\\Day13\\webAPI\\routes\\for_test.js": {"path":"C:\\Users\\Account\\Desktop\\Day13\\webAPI\\routes\\for_test.js","statementMap":{"0":{"start":{"line":1,"column":12},"end":{"line":9,"column":1}},"1":{"start":{"line":5,"column":18},"end":{"line":5,"column":56}},"2":{"start":{"line":5,"column":45},"end":{"line":5,"column":52}},"3":{"start":{"line":6,"column":4},"end":{"line":8,"column":35}},"4":{"start":{"line":12,"column":0},"end":{"line":12,"column":24}}},"fnMap":{"0":{"name":"(anonymous_0)","decl":{"start":{"line":1,"column":12},"end":{"line":1,"column":13}},"loc":{"start":{"line":1,"column":25},"end":{"line":9,"column":1}},"line":1},"1":{"name":"(anonymous_1)","decl":{"start":{"line":5,"column":33},"end":{"line":5,"column":34}},"loc":{"start":{"line":5,"column":45},"end":{"line":5,"column":52}},"line":5}},"branchMap":{"0":{"loc":{"start":{"line":6,"column":11},"end":{"line":8,"column":35}},"type":"cond-expr","locations":[{"start":{"line":7,"column":13},"end":{"line":7,"column":14}},{"start":{"line":8,"column":13},"end":{"line":8,"column":35}}],"line":6}},"s":{"0":1,"1":4,"2":7,"3":4,"4":1},"f":{"0":4,"1":7},"b":{"0":[1,3]},"_coverageSchema":"1a1c01bbd47fc00a2c39e90264f33305004495a9","hash":"6b539d59bb9a0c64b31dde75ea04fa06862e37dc"}
,"C:\\Users\\Account\\Desktop\\Day13\\webAPI\\routes\\user-routes.js": {"path":"C:\\Users\\Account\\Desktop\\Day13\\webAPI\\routes\\user-routes.js","statementMap":{"0":{"start":{"line":1,"column":16},"end":{"line":1,"column":34}},"1":{"start":{"line":2,"column":13},"end":{"line":2,"column":38}},"2":{"start":{"line":3,"column":12},"end":{"line":3,"column":35}},"3":{"start":{"line":4,"column":15},"end":{"line":4,"column":32}},"4":{"start":{"line":5,"column":15},"end":{"line":5,"column":31}},"5":{"start":{"line":8,"column":0},"end":{"line":26,"column":2}},"6":{"start":{"line":10,"column":50},"end":{"line":10,"column":58}},"7":{"start":{"line":12,"column":4},"end":{"line":24,"column":20}},"8":{"start":{"line":14,"column":12},"end":{"line":14,"column":84}},"9":{"start":{"line":14,"column":21},"end":{"line":14,"column":84}},"10":{"start":{"line":15,"column":12},"end":{"line":22,"column":14}},"11":{"start":{"line":16,"column":16},"end":{"line":16,"column":74}},"12":{"start":{"line":16,"column":24},"end":{"line":16,"column":74}},"13":{"start":{"line":17,"column":20},"end":{"line":21,"column":32}},"14":{"start":{"line":19,"column":24},"end":{"line":19,"column":50}},"15":{"start":{"line":29,"column":0},"end":{"line":52,"column":2}},"16":{"start":{"line":30,"column":4},"end":{"line":50,"column":22}},"17":{"start":{"line":32,"column":12},"end":{"line":32,"column":87}},"18":{"start":{"line":32,"column":23},"end":{"line":32,"column":87}},"19":{"start":{"line":33,"column":12},"end":{"line":49,"column":14}},"20":{"start":{"line":34,"column":16},"end":{"line":34,"column":76}},"21":{"start":{"line":34,"column":25},"end":{"line":34,"column":76}},"22":{"start":{"line":35,"column":16},"end":{"line":35,"column":95}},"23":{"start":{"line":35,"column":30},"end":{"line":35,"column":95}},"24":{"start":{"line":36,"column":32},"end":{"line":41,"column":17}},"25":{"start":{"line":42,"column":16},"end":{"line":48,"column":22}},"26":{"start":{"line":46,"column":24},"end":{"line":46,"column":84}},"27":{"start":{"line":46,"column":33},"end":{"line":46,"column":84}},"28":{"start":{"line":47,"column":24},"end":{"line":47,"column":69}},"29":{"start":{"line":55,"column":0},"end":{"line":55,"column":23}}},"fnMap":{"0":{"name":"(anonymous_0)","decl":{"start":{"line":8,"column":25},"end":{"line":8,"column":26}},"loc":{"start":{"line":8,"column":45},"end":{"line":26,"column":1}},"line":8},"1":{"name":"(anonymous_1)","decl":{"start":{"line":13,"column":14},"end":{"line":13,"column":15}},"loc":{"start":{"line":13,"column":24},"end":{"line":23,"column":9}},"line":13},"2":{"name":"(anonymous_2)","decl":{"start":{"line":15,"column":38},"end":{"line":15,"column":39}},"loc":{"start":{"line":15,"column":52},"end":{"line":22,"column":13}},"line":15},"3":{"name":"(anonymous_3)","decl":{"start":{"line":18,"column":26},"end":{"line":18,"column":27}},"loc":{"start":{"line":18,"column":34},"end":{"line":20,"column":21}},"line":18},"4":{"name":"(anonymous_4)","decl":{"start":{"line":29,"column":22},"end":{"line":29,"column":23}},"loc":{"start":{"line":29,"column":42},"end":{"line":52,"column":1}},"line":29},"5":{"name":"(anonymous_5)","decl":{"start":{"line":31,"column":14},"end":{"line":31,"column":15}},"loc":{"start":{"line":31,"column":24},"end":{"line":50,"column":9}},"line":31},"6":{"name":"(anonymous_6)","decl":{"start":{"line":33,"column":61},"end":{"line":33,"column":62}},"loc":{"start":{"line":33,"column":79},"end":{"line":49,"column":13}},"line":33},"7":{"name":"(anonymous_7)","decl":{"start":{"line":45,"column":20},"end":{"line":45,"column":21}},"loc":{"start":{"line":45,"column":36},"end":{"line":48,"column":21}},"line":45}},"branchMap":{"0":{"loc":{"start":{"line":14,"column":12},"end":{"line":14,"column":84}},"type":"if","locations":[{"start":{"line":14,"column":12},"end":{"line":14,"column":84}},{"start":{},"end":{}}],"line":14},"1":{"loc":{"start":{"line":16,"column":16},"end":{"line":16,"column":74}},"type":"if","locations":[{"start":{"line":16,"column":16},"end":{"line":16,"column":74}},{"start":{},"end":{}}],"line":16},"2":{"loc":{"start":{"line":32,"column":12},"end":{"line":32,"column":87}},"type":"if","locations":[{"start":{"line":32,"column":12},"end":{"line":32,"column":87}},{"start":{},"end":{}}],"line":32},"3":{"loc":{"start":{"line":34,"column":16},"end":{"line":34,"column":76}},"type":"if","locations":[{"start":{"line":34,"column":16},"end":{"line":34,"column":76}},{"start":{},"end":{}}],"line":34},"4":{"loc":{"start":{"line":35,"column":16},"end":{"line":35,"column":95}},"type":"if","locations":[{"start":{"line":35,"column":16},"end":{"line":35,"column":95}},{"start":{},"end":{}}],"line":35},"5":{"loc":{"start":{"line":46,"column":24},"end":{"line":46,"column":84}},"type":"if","locations":[{"start":{"line":46,"column":24},"end":{"line":46,"column":84}},{"start":{},"end":{}}],"line":46}},"s":{"0":1,"1":1,"2":1,"3":1,"4":1,"5":1,"6":0,"7":0,"8":0,"9":0,"10":0,"11":0,"12":0,"13":0,"14":0,"15":1,"16":0,"17":0,"18":0,"19":0,"20":0,"21":0,"22":0,"23":0,"24":0,"25":0,"26":0,"27":0,"28":0,"29":1},"f":{"0":0,"1":0,"2":0,"3":0,"4":0,"5":0,"6":0,"7":0},"b":{"0":[0,0],"1":[0,0],"2":[0,0],"3":[0,0],"4":[0,0],"5":[0,0]},"_coverageSchema":"1a1c01bbd47fc00a2c39e90264f33305004495a9","hash":"73da15ee1163716629543fc5da70ebe9cad6f78f"}
}
